<?xml version="1.0" encoding="UTF-8"?>
<!-- Generated by org.testng.reporters.JUnitReportReporter -->
<testsuite hostname="Poonam-6" failures="0" tests="1" name="Bikes.KTMBike" time="5.509" errors="0" timestamp="2024-07-20T10:51:34 IST" skipped="0">
  <testcase classname="Bikes.KTMBike" name="KTM" time="5.509">
    <system-out>
      <![CDATA[KTM
onTestSuccess]]>
    </system-out>
  </testcase> <!-- KTM -->
  <system-out>
    <![CDATA[onStart
Kawaski
onTestSuccess
KTM
onTestSuccess
Adidas
onTestSuccess
Bata
onTestSuccess]]>
  </system-out>
</testsuite> <!-- Bikes.KTMBike -->
