<?xml version="1.0" encoding="UTF-8"?>
<!-- Generated by org.testng.reporters.JUnitReportReporter -->
<testsuite hostname="Poonam-6" failures="0" tests="1" name="testNG.ChronologicalAnnotation" time="0.006" errors="0" timestamp="2024-07-12T10:44:19 IST" skipped="0">
  <testcase classname="testNG.ChronologicalAnnotation" name="testCasse" time="0.006"/>
</testsuite> <!-- testNG.ChronologicalAnnotation -->
