<?xml version="1.0" encoding="UTF-8"?>
<!-- Generated by org.testng.reporters.JUnitReportReporter -->
<testsuite hostname="Poonam-6" failures="0" tests="1" name="Task.Task5" time="6.326" errors="0" timestamp="2024-07-20T12:04:31 IST" skipped="0">
  <testcase classname="Task.Task5" name="highestPrice" time="6.326">
    <system-out>
      <![CDATA[highestPrice
onTestSuccess]]>
    </system-out>
  </testcase> <!-- highestPrice -->
  <system-out>
    <![CDATA[onStart
highestPrice
onTestSuccess]]>
  </system-out>
</testsuite> <!-- Task.Task5 -->
