<?xml version="1.0" encoding="UTF-8"?>
<!-- Generated by org.testng.reporters.JUnitReportReporter -->
<testsuite hostname="Poonam-6" failures="0" tests="2" name="testNG.CreatingDependencies" time="4.936" errors="0" timestamp="2024-07-29T12:08:32 IST" skipped="0">
  <testcase classname="testNG.CreatingDependencies" name="DeleteAccount" time="1.638">
    <system-out>
      <![CDATA[Account is Deleted]]>
    </system-out>
  </testcase> <!-- DeleteAccount -->
  <testcase classname="testNG.CreatingDependencies" name="CreateAccount" time="3.298">
    <system-out>
      <![CDATA[Account is Created]]>
    </system-out>
  </testcase> <!-- CreateAccount -->
  <system-out>
    <![CDATA[Account is Created
Account is Deleted]]>
  </system-out>
</testsuite> <!-- testNG.CreatingDependencies -->
