<?xml version="1.0" encoding="UTF-8"?>
<!-- Generated by org.testng.reporters.JUnitReportReporter -->
<testsuite hostname="Poonam-6" failures="0" tests="1" name="POM.LoginFunction" time="7.313" errors="0" timestamp="2024-07-17T11:44:49 IST" skipped="0">
  <testcase classname="POM.LoginFunction" name="main" time="7.313"/>
</testsuite> <!-- POM.LoginFunction -->
