<?xml version="1.0" encoding="UTF-8"?>
<!-- Generated by org.testng.reporters.JUnitReportReporter -->
<testsuite hostname="Poonam-6" failures="0" tests="1" name="Shoes.BataShoe" time="14.354" errors="0" timestamp="2024-07-20T10:51:34 IST" skipped="0">
  <testcase classname="Shoes.BataShoe" name="Bata" time="14.354">
    <system-out>
      <![CDATA[Bata
onTestSuccess]]>
    </system-out>
  </testcase> <!-- Bata -->
  <system-out>
    <![CDATA[onStart
Kawaski
onTestSuccess
KTM
onTestSuccess
Adidas
onTestSuccess
Bata
onTestSuccess]]>
  </system-out>
</testsuite> <!-- Shoes.BataShoe -->
