<?xml version="1.0" encoding="UTF-8"?>
<!-- Generated by org.testng.reporters.JUnitReportReporter -->
<testsuite hostname="Poonam-6" failures="0" tests="1" name="testNG.ClickOnmultipleElement" time="4.755" errors="0" timestamp="2024-07-12T12:06:36 IST" skipped="0">
  <testcase classname="testNG.ClickOnmultipleElement" name="elementtoClick" time="4.755"/>
</testsuite> <!-- testNG.ClickOnmultipleElement -->
