<?xml version="1.0" encoding="UTF-8"?>
<!-- Generated by org.testng.reporters.JUnitReportReporter -->
<testsuite hostname="Poonam-6" failures="0" tests="10" name="testNG.MultipleTestCases" time="86.682" errors="0" timestamp="2024-07-09T11:50:07 IST" skipped="0">
  <testcase classname="testNG.MultipleTestCases" name="Csk" time="6.550"/>
  <testcase classname="testNG.MultipleTestCases" name="Csk" time="6.041"/>
  <testcase classname="testNG.MultipleTestCases" name="Csk" time="6.189"/>
  <testcase classname="testNG.MultipleTestCases" name="Csk" time="7.544"/>
  <testcase classname="testNG.MultipleTestCases" name="dws" time="10.733"/>
  <testcase classname="testNG.MultipleTestCases" name="dws" time="9.961"/>
  <testcase classname="testNG.MultipleTestCases" name="dws" time="10.430"/>
  <testcase classname="testNG.MultipleTestCases" name="dws" time="9.882"/>
  <testcase classname="testNG.MultipleTestCases" name="dws" time="11.382"/>
  <testcase classname="testNG.MultipleTestCases" name="rcb" time="7.970"/>
</testsuite> <!-- testNG.MultipleTestCases -->
