<?xml version="1.0" encoding="UTF-8"?>
<!-- Generated by org.testng.reporters.JUnitReportReporter -->
<testsuite hostname="Poonam-6" failures="0" tests="1" name="ExtentReport.SampleReport" time="0.499" errors="0" timestamp="2024-07-29T10:53:01 IST" skipped="0">
  <testcase classname="ExtentReport.SampleReport" name="BasicReport" time="0.499"/>
</testsuite> <!-- ExtentReport.SampleReport -->
