<?xml version="1.0" encoding="UTF-8"?>
<!-- Generated by org.testng.reporters.JUnitReportReporter -->
<testsuite hostname="Poonam-6" failures="0" tests="2" name="DataProvider.ReadingDataThroughExcel$StoreData" time="11.780" errors="0" timestamp="2024-07-15T11:35:09 IST" skipped="0">
  <testcase classname="DataProvider.ReadingDataThroughExcel$StoreData" name="receiver" time="5.106"/>
  <testcase classname="DataProvider.ReadingDataThroughExcel$StoreData" name="receiver" time="6.674"/>
</testsuite> <!-- DataProvider.ReadingDataThroughExcel$StoreData -->
