<?xml version="1.0" encoding="UTF-8"?>
<!-- Generated by org.testng.reporters.JUnitReportReporter -->
<testsuite hostname="Poonam-6" failures="0" tests="1" name="Shoes.ReebokShoe" time="34.075" errors="0" timestamp="2024-07-11T11:47:28 IST" skipped="0">
  <testcase classname="Shoes.ReebokShoe" name="Reebok" time="34.075"/>
</testsuite> <!-- Shoes.ReebokShoe -->
