<?xml version="1.0" encoding="UTF-8"?>
<!-- Generated by org.testng.reporters.JUnitReportReporter -->
<testsuite hostname="Poonam-6" failures="0" tests="2" name="DataProvider.StoringDataLogin$StoreData" time="12.320" errors="0" timestamp="2024-07-15T11:10:53 IST" skipped="0">
  <testcase classname="DataProvider.StoringDataLogin$StoreData" name="receiver" time="5.129"/>
  <testcase classname="DataProvider.StoringDataLogin$StoreData" name="receiver" time="7.191"/>
</testsuite> <!-- DataProvider.StoringDataLogin$StoreData -->
