<?xml version="1.0" encoding="UTF-8"?>
<!-- Generated by org.testng.reporters.JUnitReportReporter -->
<testsuite hostname="Poonam-6" failures="0" tests="2" name="DataProvider.StoreData" time="0.011" errors="0" timestamp="2024-07-15T10:50:14 IST" skipped="0">
  <testcase classname="DataProvider.StoreData" name="receiver" time="0.002"/>
  <testcase classname="DataProvider.StoreData" name="receiver" time="0.009"/>
</testsuite> <!-- DataProvider.StoreData -->
