<?xml version="1.0" encoding="UTF-8"?>
<!-- Generated by org.testng.reporters.JUnitReportReporter -->
<testsuite hostname="Poonam-6" failures="0" tests="1" name="Shoes.NikeShoe" time="18.109" errors="0" timestamp="2024-07-11T11:47:28 IST" skipped="0">
  <testcase classname="Shoes.NikeShoe" name="Nike" time="18.109"/>
</testsuite> <!-- Shoes.NikeShoe -->
