<?xml version="1.0" encoding="UTF-8"?>
<!-- Generated by org.testng.reporters.JUnitReportReporter -->
<testsuite hostname="Poonam-6" failures="0" tests="5" name="com.crm.listeners1.DemoWebShops" time="39.920" errors="0" timestamp="2024-07-30T10:25:20 IST" skipped="0">
  <testcase classname="com.crm.listeners1.DemoWebShops" name="digitalDownload" time="11.008">
    <system-out>
      <![CDATA[onTestStart
onTestSuccess]]>
    </system-out>
  </testcase> <!-- digitalDownload -->
  <testcase classname="com.crm.listeners1.DemoWebShops" name="facebook" time="12.974">
    <system-out>
      <![CDATA[onTestStart
onTestSuccess]]>
    </system-out>
  </testcase> <!-- facebook -->
  <testcase classname="com.crm.listeners1.DemoWebShops" name="xlinks" time="5.060">
    <system-out>
      <![CDATA[onTestStart
onTestSuccess]]>
    </system-out>
  </testcase> <!-- xlinks -->
  <testcase classname="com.crm.listeners1.DemoWebShops" name="gifts" time="0.003">
    <system-out>
      <![CDATA[onTestStart
onTestSuccess]]>
    </system-out>
  </testcase> <!-- gifts -->
  <testcase classname="com.crm.listeners1.DemoWebShops" name="twitter" time="10.875">
    <system-out>
      <![CDATA[onTestStart
onTestSuccess]]>
    </system-out>
  </testcase> <!-- twitter -->
  <system-out>
    <![CDATA[onStart
onTestStart
onTestSuccess
onTestStart
onTestSuccess
onTestStart
onTestSuccess
onTestStart
onTestSuccess
onTestStart
onTestSuccess]]>
  </system-out>
</testsuite> <!-- com.crm.listeners1.DemoWebShops -->
