<?xml version="1.0" encoding="UTF-8"?>
<!-- Generated by org.testng.reporters.JUnitReportReporter -->
<testsuite hostname="Poonam-6" failures="0" tests="1" name="Bikes.BMWBike" time="9.047" errors="0" timestamp="2024-07-11T11:47:28 IST" skipped="0">
  <testcase classname="Bikes.BMWBike" name="Kawaski" time="9.047"/>
</testsuite> <!-- Bikes.BMWBike -->
