<?xml version="1.0" encoding="UTF-8"?>
<!-- Generated by org.testng.reporters.JUnitReportReporter -->
<testsuite hostname="Poonam-6" failures="0" tests="1" name="ExtentReport.LoginFunctionWithCorrectCredentials" time="16.204" errors="0" timestamp="2024-07-29T11:36:17 IST" skipped="0">
  <testcase classname="ExtentReport.LoginFunctionWithCorrectCredentials" name="CorrectCredentials" time="16.204"/>
</testsuite> <!-- ExtentReport.LoginFunctionWithCorrectCredentials -->
